See log X:\ShandarovAV\javaout.new\logs\log_2022_03_14.13_48_30.log
Получено сообщение: {ID_OPERATION=368201}{ID_USER_SESSION=6064520}{COORDINATOR_NAME=BA7_COORDINATOR_1}{EXECUTOR_NAME=EXT_EXEC_1063_27303}
EXT_EXEC_1063_27303,368201,OPERATION_EXEC,601-700,<ROOT><ROW><ROW_NO>601</ROW_NO><ID_EI>6971006</ID_ ... NO>700</ROW_NO><ID_EI>6971475</ID_EI></ROW></ROOT> (len = 5313)
EXT_EXEC_1063_27303,368201,OPERATION_EXEC,701-800,<ROOT><ROW><ROW_NO>701</ROW_NO><ID_EI>6971476</ID_ ... NO>800</ROW_NO><ID_EI>6972306</ID_EI></ROW></ROOT> (len = 5313)
EXT_EXEC_1063_27303,368201,OPERATION_EXEC,801-900,<ROOT><ROW><ROW_NO>801</ROW_NO><ID_EI>6972307</ID_ ... NO>900</ROW_NO><ID_EI>6965158</ID_EI></ROW></ROOT> (len = 5313)
EXT_EXEC_1063_27303,368201,OPERATION_EXEC,1201-1300,<ROOT><ROW><ROW_NO>1201</ROW_NO><ID_EI>6966201</ID ... O>1300</ROW_NO><ID_EI>6967219</ID_EI></ROW></ROOT> (len = 5413)
EXT_EXEC_1063_27303,368201,OPERATION_EXEC,1301-1400,<ROOT><ROW><ROW_NO>1301</ROW_NO><ID_EI>6967220</ID ... O>1400</ROW_NO><ID_EI>6968184</ID_EI></ROW></ROOT> (len = 5413)
EXT_EXEC_1063_27303,368201,OPERATION_EXEC,1401-1500,<ROOT><ROW><ROW_NO>1401</ROW_NO><ID_EI>6968185</ID ... O>1500</ROW_NO><ID_EI>6969109</ID_EI></ROW></ROOT> (len = 5413)
EXT_EXEC_1063_27303,368201,OPERATION_EXEC,2101-2200,<ROOT><ROW><ROW_NO>2101</ROW_NO><ID_EI>6964835</ID ... O>2200</ROW_NO><ID_EI>6965796</ID_EI></ROW></ROOT> (len = 5413)
EXT_EXEC_1063_27303,368201,OPERATION_EXEC,2201-2300,<ROOT><ROW><ROW_NO>2201</ROW_NO><ID_EI>6965797</ID ... O>2300</ROW_NO><ID_EI>6966788</ID_EI></ROW></ROOT> (len = 5413)
EXT_EXEC_1063_27303,368201,OPERATION_EXEC,2301-2400,<ROOT><ROW><ROW_NO>2301</ROW_NO><ID_EI>6966789</ID ... O>2400</ROW_NO><ID_EI>6973794</ID_EI></ROW></ROOT> (len = 5413)
EXT_EXEC_1063_27303,368201,OPERATION_EXEC,3001-3100,<ROOT><ROW><ROW_NO>3001</ROW_NO><ID_EI>6966388</ID ... O>3100</ROW_NO><ID_EI>6967466</ID_EI></ROW></ROOT> (len = 5413)
EXT_EXEC_1063_27303,368201,OPERATION_EXEC,3101-3200,<ROOT><ROW><ROW_NO>3101</ROW_NO><ID_EI>6967467</ID ... O>3200</ROW_NO><ID_EI>6968371</ID_EI></ROW></ROOT> (len = 5413)
EXT_EXEC_1063_27303,368201,OPERATION_EXEC,3201-3300,<ROOT><ROW><ROW_NO>3201</ROW_NO><ID_EI>6968372</ID ... O>3300</ROW_NO><ID_EI>6968920</ID_EI></ROW></ROOT> (len = 5413)
EXT_EXEC_1063_27303,368201,OPERATION_EXEC,3601-3700,<ROOT><ROW><ROW_NO>3601</ROW_NO><ID_EI>6979397</ID ... O>3700</ROW_NO><ID_EI>6981850</ID_EI></ROW></ROOT> (len = 5413)
EXT_EXEC_1063_27303,368201,OPERATION_EXEC,3701-3800,<ROOT><ROW><ROW_NO>3701</ROW_NO><ID_EI>6981859</ID ... O>3800</ROW_NO><ID_EI>6985914</ID_EI></ROW></ROOT> (len = 5413)
EXT_EXEC_1063_27303,368201,OPERATION_EXEC,3801-3900,<ROOT><ROW><ROW_NO>3801</ROW_NO><ID_EI>6985934</ID ... O>3900</ROW_NO><ID_EI>6974763</ID_EI></ROW></ROOT> (len = 5413)
EXT_EXEC_1063_27303,368201,OPERATION_EXEC,4501-4600,<ROOT><ROW><ROW_NO>4501</ROW_NO><ID_EI>6982858</ID ... O>4600</ROW_NO><ID_EI>6984603</ID_EI></ROW></ROOT> (len = 5413)
EXT_EXEC_1063_27303,368201,OPERATION_EXEC,4601-4700,<ROOT><ROW><ROW_NO>4601</ROW_NO><ID_EI>6984604</ID ... O>4700</ROW_NO><ID_EI>6973313</ID_EI></ROW></ROOT> (len = 5413)
EXT_EXEC_1063_27303,368201,OPERATION_EXEC,4701-4800,<ROOT><ROW><ROW_NO>4701</ROW_NO><ID_EI>6973314</ID ... O>4800</ROW_NO><ID_EI>6974111</ID_EI></ROW></ROOT> (len = 5413)
EXT_EXEC_1063_27303,368201,OPERATION_DONE,null-null,null
OPERATION_DONE for PID=3714, SID=1063 2022-03-14 13:57:32.469
Успешно выполнен метод done
EXT_EXEC_1063_27303,368201,PREPARE_COMMIT,null-null,null
2022-03-14 13:59:07.57 - Сообщение не получено
