See log X:\ShandarovAV\javaout.new\logs\log_2022_03_14.13_48_34.log
Получено сообщение: {ID_OPERATION=368201}{ID_USER_SESSION=6064520}{COORDINATOR_NAME=BA7_COORDINATOR_1}{EXECUTOR_NAME=EXT_EXEC_1029_41805}
EXT_EXEC_1029_41805,368201,OPERATION_EXEC,1-100,<ROOT><ROW><ROW_NO>1</ROW_NO><ID_EI>6970752</ID_EI ... NO>100</ROW_NO><ID_EI>6966558</ID_EI></ROW></ROOT> (len = 5205)
EXT_EXEC_1029_41805,368201,OPERATION_EXEC,101-200,<ROOT><ROW><ROW_NO>101</ROW_NO><ID_EI>6966559</ID_ ... NO>200</ROW_NO><ID_EI>6967487</ID_EI></ROW></ROOT> (len = 5313)
EXT_EXEC_1029_41805,368201,OPERATION_EXEC,201-300,<ROOT><ROW><ROW_NO>201</ROW_NO><ID_EI>6967488</ID_ ... NO>300</ROW_NO><ID_EI>6967587</ID_EI></ROW></ROOT> (len = 5313)
EXT_EXEC_1029_41805,368201,OPERATION_EXEC,1501-1600,<ROOT><ROW><ROW_NO>1501</ROW_NO><ID_EI>6969110</ID ... O>1600</ROW_NO><ID_EI>6969604</ID_EI></ROW></ROOT> (len = 5413)
EXT_EXEC_1029_41805,368201,OPERATION_EXEC,1601-1700,<ROOT><ROW><ROW_NO>1601</ROW_NO><ID_EI>6969605</ID ... O>1700</ROW_NO><ID_EI>6970129</ID_EI></ROW></ROOT> (len = 5413)
EXT_EXEC_1029_41805,368201,OPERATION_EXEC,1701-1800,<ROOT><ROW><ROW_NO>1701</ROW_NO><ID_EI>6970130</ID ... O>1800</ROW_NO><ID_EI>6970622</ID_EI></ROW></ROOT> (len = 5413)
EXT_EXEC_1029_41805,368201,OPERATION_EXEC,2401-2500,<ROOT><ROW><ROW_NO>2401</ROW_NO><ID_EI>6973795</ID ... O>2500</ROW_NO><ID_EI>6968823</ID_EI></ROW></ROOT> (len = 5414)
EXT_EXEC_1029_41805,368201,OPERATION_EXEC,2501-2600,<ROOT><ROW><ROW_NO>2501</ROW_NO><ID_EI>6968824</ID ... O>2600</ROW_NO><ID_EI>6969770</ID_EI></ROW></ROOT> (len = 5413)
EXT_EXEC_1029_41805,368201,OPERATION_EXEC,2601-2700,<ROOT><ROW><ROW_NO>2601</ROW_NO><ID_EI>6969771</ID ... O>2700</ROW_NO><ID_EI>6974403</ID_EI></ROW></ROOT> (len = 5413)
EXT_EXEC_1029_41805,368201,OPERATION_EXEC,3301-3400,<ROOT><ROW><ROW_NO>3301</ROW_NO><ID_EI>6968921</ID ... O>3400</ROW_NO><ID_EI>6965095</ID_EI></ROW></ROOT> (len = 5414)
EXT_EXEC_1029_41805,368201,OPERATION_EXEC,3401-3500,<ROOT><ROW><ROW_NO>3401</ROW_NO><ID_EI>6965096</ID ... O>3500</ROW_NO><ID_EI>6976977</ID_EI></ROW></ROOT> (len = 5413)
EXT_EXEC_1029_41805,368201,OPERATION_EXEC,3501-3600,<ROOT><ROW><ROW_NO>3501</ROW_NO><ID_EI>6976982</ID ... O>3600</ROW_NO><ID_EI>6979345</ID_EI></ROW></ROOT> (len = 5413)
EXT_EXEC_1029_41805,368201,OPERATION_EXEC,3901-4000,<ROOT><ROW><ROW_NO>3901</ROW_NO><ID_EI>6974764</ID ... O>4000</ROW_NO><ID_EI>6975548</ID_EI></ROW></ROOT> (len = 5413)
EXT_EXEC_1029_41805,368201,OPERATION_EXEC,4001-4100,<ROOT><ROW><ROW_NO>4001</ROW_NO><ID_EI>6975549</ID ... O>4100</ROW_NO><ID_EI>6976345</ID_EI></ROW></ROOT> (len = 5413)
EXT_EXEC_1029_41805,368201,OPERATION_EXEC,4101-4200,<ROOT><ROW><ROW_NO>4101</ROW_NO><ID_EI>6976346</ID ... O>4200</ROW_NO><ID_EI>6977105</ID_EI></ROW></ROOT> (len = 5413)
EXT_EXEC_1029_41805,368201,OPERATION_EXEC,4801-4900,<ROOT><ROW><ROW_NO>4801</ROW_NO><ID_EI>6974112</ID ... O>4900</ROW_NO><ID_EI>6976566</ID_EI></ROW></ROOT> (len = 5413)
EXT_EXEC_1029_41805,368201,OPERATION_EXEC,4901-5000,<ROOT><ROW><ROW_NO>4901</ROW_NO><ID_EI>6976642</ID ... O>5000</ROW_NO><ID_EI>6978176</ID_EI></ROW></ROOT> (len = 5413)
EXT_EXEC_1029_41805,368201,OPERATION_EXEC,5001-5100,<ROOT><ROW><ROW_NO>5001</ROW_NO><ID_EI>6978177</ID ... O>5100</ROW_NO><ID_EI>6979019</ID_EI></ROW></ROOT> (len = 5413)
EXT_EXEC_1029_41805,368201,OPERATION_DONE,null-null,null
OPERATION_DONE for PID=3716, SID=1029 2022-03-14 13:57:41.707
Успешно выполнен метод done
EXT_EXEC_1029_41805,368201,PREPARE_COMMIT,null-null,null
2022-03-14 13:59:07.575 - Сообщение не получено
