See log X:\ShandarovAV\javaout.new\logs\log_2022_03_14.13_48_47.log
Получено сообщение: {ID_OPERATION=368201}{ID_USER_SESSION=6064520}{COORDINATOR_NAME=BA7_COORDINATOR_1}{EXECUTOR_NAME=EXT_EXEC_1040_57129}
EXT_EXEC_1040_57129,368201,OPERATION_EXEC,301-400,<ROOT><ROW><ROW_NO>301</ROW_NO><ID_EI>6967588</ID_ ... NO>400</ROW_NO><ID_EI>6969051</ID_EI></ROW></ROOT> (len = 5313)
EXT_EXEC_1040_57129,368201,OPERATION_EXEC,401-500,<ROOT><ROW><ROW_NO>401</ROW_NO><ID_EI>6969056</ID_ ... NO>500</ROW_NO><ID_EI>6970536</ID_EI></ROW></ROOT> (len = 5313)
EXT_EXEC_1040_57129,368201,OPERATION_EXEC,501-600,<ROOT><ROW><ROW_NO>501</ROW_NO><ID_EI>6970537</ID_ ... NO>600</ROW_NO><ID_EI>6971005</ID_EI></ROW></ROOT> (len = 5313)
EXT_EXEC_1040_57129,368201,OPERATION_EXEC,901-1000,<ROOT><ROW><ROW_NO>901</ROW_NO><ID_EI>6965159</ID_ ... O>1000</ROW_NO><ID_EI>6965260</ID_EI></ROW></ROOT> (len = 5314)
EXT_EXEC_1040_57129,368201,OPERATION_EXEC,1001-1100,<ROOT><ROW><ROW_NO>1001</ROW_NO><ID_EI>6965261</ID ... O>1100</ROW_NO><ID_EI>6965731</ID_EI></ROW></ROOT> (len = 5413)
EXT_EXEC_1040_57129,368201,OPERATION_EXEC,1101-1200,<ROOT><ROW><ROW_NO>1101</ROW_NO><ID_EI>6965732</ID ... O>1200</ROW_NO><ID_EI>6966200</ID_EI></ROW></ROOT> (len = 5413)
EXT_EXEC_1040_57129,368201,OPERATION_EXEC,1801-1900,<ROOT><ROW><ROW_NO>1801</ROW_NO><ID_EI>6970623</ID ... O>1900</ROW_NO><ID_EI>6971124</ID_EI></ROW></ROOT> (len = 5413)
EXT_EXEC_1040_57129,368201,OPERATION_EXEC,1901-2000,<ROOT><ROW><ROW_NO>1901</ROW_NO><ID_EI>6971125</ID ... O>2000</ROW_NO><ID_EI>6971626</ID_EI></ROW></ROOT> (len = 5413)
EXT_EXEC_1040_57129,368201,OPERATION_EXEC,2001-2100,<ROOT><ROW><ROW_NO>2001</ROW_NO><ID_EI>6971627</ID ... O>2100</ROW_NO><ID_EI>6964834</ID_EI></ROW></ROOT> (len = 5413)
EXT_EXEC_1040_57129,368201,OPERATION_EXEC,2701-2800,<ROOT><ROW><ROW_NO>2701</ROW_NO><ID_EI>6970703</ID ... O>2800</ROW_NO><ID_EI>6971791</ID_EI></ROW></ROOT> (len = 5413)
EXT_EXEC_1040_57129,368201,OPERATION_EXEC,2801-2900,<ROOT><ROW><ROW_NO>2801</ROW_NO><ID_EI>6971792</ID ... O>2900</ROW_NO><ID_EI>6964980</ID_EI></ROW></ROOT> (len = 5413)
EXT_EXEC_1040_57129,368201,OPERATION_EXEC,2901-3000,<ROOT><ROW><ROW_NO>2901</ROW_NO><ID_EI>6964981</ID ... O>3000</ROW_NO><ID_EI>6966387</ID_EI></ROW></ROOT> (len = 5413)
EXT_EXEC_1040_57129,368201,OPERATION_EXEC,4201-4300,<ROOT><ROW><ROW_NO>4201</ROW_NO><ID_EI>6977106</ID ... O>4300</ROW_NO><ID_EI>6978734</ID_EI></ROW></ROOT> (len = 5413)
EXT_EXEC_1040_57129,368201,OPERATION_EXEC,4301-4400,<ROOT><ROW><ROW_NO>4301</ROW_NO><ID_EI>6978735</ID ... O>4400</ROW_NO><ID_EI>6982074</ID_EI></ROW></ROOT> (len = 5413)
EXT_EXEC_1040_57129,368201,OPERATION_EXEC,4401-4500,<ROOT><ROW><ROW_NO>4401</ROW_NO><ID_EI>6982075</ID ... O>4500</ROW_NO><ID_EI>6982857</ID_EI></ROW></ROOT> (len = 5413)
EXT_EXEC_1040_57129,368201,OPERATION_EXEC,5101-5200,<ROOT><ROW><ROW_NO>5101</ROW_NO><ID_EI>6979020</ID ... O>5200</ROW_NO><ID_EI>6984958</ID_EI></ROW></ROOT> (len = 5415)
EXT_EXEC_1040_57129,368201,OPERATION_EXEC,5201-5300,<ROOT><ROW><ROW_NO>5201</ROW_NO><ID_EI>6974425</ID ... >5300</ROW_NO><ID_EI>18665919</ID_EI></ROW></ROOT> (len = 5449)
EXT_EXEC_1040_57129,368201,OPERATION_EXEC,5301-5348,<ROOT><ROW><ROW_NO>5301</ROW_NO><ID_EI>18665925</I ... >5348</ROW_NO><ID_EI>22531874</ID_EI></ROW></ROOT> (len = 2653)
EXT_EXEC_1040_57129,368201,OPERATION_DONE,null-null,null
OPERATION_DONE for PID=3735, SID=1040 2022-03-14 13:57:32.344
Успешно выполнен метод done
EXT_EXEC_1040_57129,368201,PREPARE_COMMIT,null-null,null
2022-03-14 13:59:07.465 - Сообщение не получено
